<?xml version="1.0" encoding="UTF-8"?>
<testng-results skipped="0" failed="2" ignored="0" total="2" passed="0">
  <reporter-output>
  </reporter-output>
  <suite name="Epay Transactions Suite" duration-ms="108010" started-at="2018-07-19T13:36:09Z" finished-at="2018-07-19T13:37:57Z">
    <groups>
    </groups>
    <test name="LuckyScratch Transactions Test" duration-ms="108010" started-at="2018-07-19T13:36:09Z" finished-at="2018-07-19T13:37:57Z">
      <class name="com.epay.ls.tests.LuckyScratchTest">
        <test-method status="PASS" signature="setUp()[pri:0, instance:com.epay.ls.tests.LuckyScratchTest@4bec1f0c]" name="setUp" is-config="true" duration-ms="41777" started-at="2018-07-19T19:06:11Z" finished-at="2018-07-19T19:06:53Z">
          <reporter-output>
          </reporter-output>
        </test-method> <!-- setUp -->
        <test-method status="FAIL" signature="initiateTransactions(java.lang.String, java.lang.String, java.lang.String, java.lang.String, java.lang.String, java.lang.String, java.lang.String, java.lang.String, java.lang.String)[pri:0, instance:com.epay.ls.tests.LuckyScratchTest@4bec1f0c]" name="initiateTransactions" duration-ms="20188" started-at="2018-07-19T19:06:53Z" data-provider="transactionData" finished-at="2018-07-19T19:07:13Z">
          <params>
            <param index="0">
              <value>
                <![CDATA[Silvia K Villanueva]]>
              </value>
            </param>
            <param index="1">
              <value>
                <![CDATA[396  Hood Avenue]]>
              </value>
            </param>
            <param index="2">
              <value>
                <![CDATA[San Diego]]>
              </value>
            </param>
            <param index="3">
              <value>
                <![CDATA[CA]]>
              </value>
            </param>
            <param index="4">
              <value>
                <![CDATA[92111]]>
              </value>
            </param>
            <param index="5">
              <value>
                <![CDATA[858-715-2742]]>
              </value>
            </param>
            <param index="6">
              <value>
                <![CDATA[USD]]>
              </value>
            </param>
            <param index="7">
              <value>
                <![CDATA[4711100000000000]]>
              </value>
            </param>
            <param index="8">
              <value>
                <![CDATA[10]]>
              </value>
            </param>
          </params>
          <exception class="java.lang.ArrayIndexOutOfBoundsException">
            <message>
              <![CDATA[1]]>
            </message>
            <full-stacktrace>
              <![CDATA[java.lang.ArrayIndexOutOfBoundsException: 1
	at com.epay.utils.ExcelUtils.setCellData(ExcelUtils.java:66)
	at com.epay.ls.tests.LuckyScratchTest.initiateTransactions(LuckyScratchTest.java:35)
	at sun.reflect.NativeMethodAccessorImpl.invoke0(Native Method)
	at sun.reflect.NativeMethodAccessorImpl.invoke(Unknown Source)
	at sun.reflect.DelegatingMethodAccessorImpl.invoke(Unknown Source)
	at java.lang.reflect.Method.invoke(Unknown Source)
	at org.testng.internal.MethodInvocationHelper.invokeMethod(MethodInvocationHelper.java:104)
	at org.testng.internal.Invoker.invokeMethod(Invoker.java:645)
	at org.testng.internal.Invoker.invokeTestMethod(Invoker.java:851)
	at org.testng.internal.Invoker.invokeTestMethods(Invoker.java:1177)
	at org.testng.internal.TestMethodWorker.invokeTestMethods(TestMethodWorker.java:129)
	at org.testng.internal.TestMethodWorker.run(TestMethodWorker.java:112)
	at org.testng.TestRunner.privateRun(TestRunner.java:756)
	at org.testng.TestRunner.run(TestRunner.java:610)
	at org.testng.SuiteRunner.runTest(SuiteRunner.java:387)
	at org.testng.SuiteRunner.runSequentially(SuiteRunner.java:382)
	at org.testng.SuiteRunner.privateRun(SuiteRunner.java:340)
	at org.testng.SuiteRunner.run(SuiteRunner.java:289)
	at org.testng.SuiteRunnerWorker.runSuite(SuiteRunnerWorker.java:52)
	at org.testng.SuiteRunnerWorker.run(SuiteRunnerWorker.java:86)
	at org.testng.TestNG.runSuitesSequentially(TestNG.java:1293)
	at org.testng.TestNG.runSuitesLocally(TestNG.java:1218)
	at org.testng.TestNG.runSuites(TestNG.java:1133)
	at org.testng.TestNG.run(TestNG.java:1104)
	at org.testng.remote.AbstractRemoteTestNG.run(AbstractRemoteTestNG.java:114)
	at org.testng.remote.RemoteTestNG.initAndRun(RemoteTestNG.java:251)
	at org.testng.remote.RemoteTestNG.main(RemoteTestNG.java:77)
]]>
            </full-stacktrace>
          </exception> <!-- java.lang.ArrayIndexOutOfBoundsException -->
          <reporter-output>
          </reporter-output>
        </test-method> <!-- initiateTransactions -->
        <test-method status="PASS" signature="tearDown()[pri:0, instance:com.epay.ls.tests.LuckyScratchTest@4bec1f0c]" name="tearDown" is-config="true" duration-ms="2876" started-at="2018-07-19T19:07:13Z" finished-at="2018-07-19T19:07:16Z">
          <reporter-output>
          </reporter-output>
        </test-method> <!-- tearDown -->
        <test-method status="PASS" signature="setUp()[pri:0, instance:com.epay.ls.tests.LuckyScratchTest@4bec1f0c]" name="setUp" is-config="true" duration-ms="35968" started-at="2018-07-19T19:07:16Z" finished-at="2018-07-19T19:07:52Z">
          <reporter-output>
          </reporter-output>
        </test-method> <!-- setUp -->
        <test-method status="FAIL" signature="initiateTransactions(java.lang.String, java.lang.String, java.lang.String, java.lang.String, java.lang.String, java.lang.String, java.lang.String, java.lang.String, java.lang.String)[pri:0, instance:com.epay.ls.tests.LuckyScratchTest@4bec1f0c]" name="initiateTransactions" duration-ms="4444" started-at="2018-07-19T19:07:52Z" data-provider="transactionData" finished-at="2018-07-19T19:07:56Z">
          <params>
            <param index="0">
              <value>
                <![CDATA[Victor S Snow]]>
              </value>
            </param>
            <param index="1">
              <value>
                <![CDATA[4104  Poplar Street]]>
              </value>
            </param>
            <param index="2">
              <value>
                <![CDATA[Chicago]]>
              </value>
            </param>
            <param index="3">
              <value>
                <![CDATA[IL]]>
              </value>
            </param>
            <param index="4">
              <value>
                <![CDATA[60605]]>
              </value>
            </param>
            <param index="5">
              <value>
                <![CDATA[619-405-7692]]>
              </value>
            </param>
            <param index="6">
              <value>
                <![CDATA[AUR]]>
              </value>
            </param>
            <param index="7">
              <value>
                <![CDATA[4532330560879512]]>
              </value>
            </param>
            <param index="8">
              <value>
                <![CDATA[35]]>
              </value>
            </param>
          </params>
          <exception class="org.openqa.selenium.UnhandledAlertException">
            <message>
              <![CDATA[: 
Build info: version: '3.5.3', revision: 'a88d25fe6b', time: '2017-08-29T12:42:44.417Z'
System info: host: 'DESKTOP-271749J', ip: '192.168.69.7', os.name: 'Windows 10', os.arch: 'amd64', os.version: '10.0', java.version: '1.8.0_121'
Driver info: org.openqa.selenium.firefox.FirefoxDriver
Capabilities [{moz:profile=C:\Users\TECHMOJO\AppData\Local\Temp\rust_mozprofile.jkJ8iqzBLly1, rotatable=false, timeouts={implicit=0, pageLoad=300000, script=30000}, pageLoadStrategy=normal, moz:headless=false, platform=XP, moz:accessibilityChecks=false, moz:useNonSpecCompliantPointerOrigin=false, acceptInsecureCerts=true, browserVersion=60.0.2, platformVersion=10.0, moz:processID=14364, browserName=firefox, javascriptEnabled=true, platformName=XP, moz:webdriverClick=true}]
Session ID: 12024a24-8fc5-4053-ad1c-777e2008c0fe
*** Element info: {Using=xpath, value=//select[@name='returnCode' and @id='returnCode']}]]>
            </message>
            <full-stacktrace>
              <![CDATA[org.openqa.selenium.UnhandledAlertException: : 
Build info: version: '3.5.3', revision: 'a88d25fe6b', time: '2017-08-29T12:42:44.417Z'
System info: host: 'DESKTOP-271749J', ip: '192.168.69.7', os.name: 'Windows 10', os.arch: 'amd64', os.version: '10.0', java.version: '1.8.0_121'
Driver info: org.openqa.selenium.firefox.FirefoxDriver
Capabilities [{moz:profile=C:\Users\TECHMOJO\AppData\Local\Temp\rust_mozprofile.jkJ8iqzBLly1, rotatable=false, timeouts={implicit=0, pageLoad=300000, script=30000}, pageLoadStrategy=normal, moz:headless=false, platform=XP, moz:accessibilityChecks=false, moz:useNonSpecCompliantPointerOrigin=false, acceptInsecureCerts=true, browserVersion=60.0.2, platformVersion=10.0, moz:processID=14364, browserName=firefox, javascriptEnabled=true, platformName=XP, moz:webdriverClick=true}]
Session ID: 12024a24-8fc5-4053-ad1c-777e2008c0fe
*** Element info: {Using=xpath, value=//select[@name='returnCode' and @id='returnCode']}
	at org.openqa.selenium.remote.http.W3CHttpResponseCodec.decode(W3CHttpResponseCodec.java:118)
	at org.openqa.selenium.remote.http.W3CHttpResponseCodec.decode(W3CHttpResponseCodec.java:49)
	at org.openqa.selenium.remote.HttpCommandExecutor.execute(HttpCommandExecutor.java:164)
	at org.openqa.selenium.remote.service.DriverCommandExecutor.execute(DriverCommandExecutor.java:82)
	at org.openqa.selenium.remote.RemoteWebDriver.execute(RemoteWebDriver.java:646)
	at org.openqa.selenium.remote.RemoteWebDriver.findElement(RemoteWebDriver.java:416)
	at org.openqa.selenium.remote.RemoteWebDriver.findElementByXPath(RemoteWebDriver.java:518)
	at org.openqa.selenium.By$ByXPath.findElement(By.java:361)
	at org.openqa.selenium.remote.RemoteWebDriver.findElement(RemoteWebDriver.java:408)
	at com.epay.ls.library.LuckyScratchPage.transactionPayvision3D(LuckyScratchPage.java:143)
	at com.epay.ls.tests.LuckyScratchTest.initiateTransactions(LuckyScratchTest.java:30)
	at sun.reflect.NativeMethodAccessorImpl.invoke0(Native Method)
	at sun.reflect.NativeMethodAccessorImpl.invoke(Unknown Source)
	at sun.reflect.DelegatingMethodAccessorImpl.invoke(Unknown Source)
	at java.lang.reflect.Method.invoke(Unknown Source)
	at org.testng.internal.MethodInvocationHelper.invokeMethod(MethodInvocationHelper.java:104)
	at org.testng.internal.Invoker.invokeMethod(Invoker.java:645)
	at org.testng.internal.Invoker.invokeTestMethod(Invoker.java:851)
	at org.testng.internal.Invoker.invokeTestMethods(Invoker.java:1177)
	at org.testng.internal.TestMethodWorker.invokeTestMethods(TestMethodWorker.java:129)
	at org.testng.internal.TestMethodWorker.run(TestMethodWorker.java:112)
	at org.testng.TestRunner.privateRun(TestRunner.java:756)
	at org.testng.TestRunner.run(TestRunner.java:610)
	at org.testng.SuiteRunner.runTest(SuiteRunner.java:387)
	at org.testng.SuiteRunner.runSequentially(SuiteRunner.java:382)
	at org.testng.SuiteRunner.privateRun(SuiteRunner.java:340)
	at org.testng.SuiteRunner.run(SuiteRunner.java:289)
	at org.testng.SuiteRunnerWorker.runSuite(SuiteRunnerWorker.java:52)
	at org.testng.SuiteRunnerWorker.run(SuiteRunnerWorker.java:86)
	at org.testng.TestNG.runSuitesSequentially(TestNG.java:1293)
	at org.testng.TestNG.runSuitesLocally(TestNG.java:1218)
	at org.testng.TestNG.runSuites(TestNG.java:1133)
	at org.testng.TestNG.run(TestNG.java:1104)
	at org.testng.remote.AbstractRemoteTestNG.run(AbstractRemoteTestNG.java:114)
	at org.testng.remote.RemoteTestNG.initAndRun(RemoteTestNG.java:251)
	at org.testng.remote.RemoteTestNG.main(RemoteTestNG.java:77)
]]>
            </full-stacktrace>
          </exception> <!-- org.openqa.selenium.UnhandledAlertException -->
          <reporter-output>
          </reporter-output>
        </test-method> <!-- initiateTransactions -->
        <test-method status="PASS" signature="tearDown()[pri:0, instance:com.epay.ls.tests.LuckyScratchTest@4bec1f0c]" name="tearDown" is-config="true" duration-ms="1016" started-at="2018-07-19T19:07:56Z" finished-at="2018-07-19T19:07:57Z">
          <reporter-output>
          </reporter-output>
        </test-method> <!-- tearDown -->
      </class> <!-- com.epay.ls.tests.LuckyScratchTest -->
    </test> <!-- LuckyScratch Transactions Test -->
  </suite> <!-- Epay Transactions Suite -->
</testng-results>
